[ 2024-11-08 17:41:56,225 ] 30 root - INFO - Data ingestion is started
[ 2024-11-08 17:41:56,225 ] 33 root - INFO - GitHub url is created
[ 2024-11-08 17:41:56,390 ] 37 root - INFO - Dataset is retrieve from the github
[ 2024-11-08 17:41:56,404 ] 42 root - INFO - Dataset is unzipped and saved
[ 2024-11-08 17:41:56,404 ] 24 root - INFO - Data cleaning is started
[ 2024-11-08 17:41:56,436 ] 26 root - INFO - Dataset is loaded in the dataframe
[ 2024-11-08 17:41:56,448 ] 30 root - INFO - Duplicate rows are dropped from the dataframe
[ 2024-11-08 17:41:56,452 ] 36 root - INFO - Unrealistic values are deleted from the dataframe
[ 2024-11-08 17:41:56,452 ] 42 root - INFO - Data cleaning ended
[ 2024-11-08 17:41:56,452 ] 71 root - INFO - Data transforamtion Stage 1 is started
[ 2024-11-08 17:41:56,456 ] 74 root - INFO - Train test split performed
[ 2024-11-08 17:41:56,458 ] 87 root - INFO - training and test dataset is created
[ 2024-11-08 17:41:56,459 ] 33 root - INFO - Preprocessing started
[ 2024-11-08 17:41:56,459 ] 37 root - INFO - columns are divided by their category and saved in varible
[ 2024-11-08 17:41:56,459 ] 46 root - INFO - catgorical pipeline created
[ 2024-11-08 17:41:56,459 ] 54 root - INFO - numerical pipeline created
[ 2024-11-08 17:41:56,459 ] 61 root - INFO - Columns are transformed by columntransformer
[ 2024-11-08 17:41:56,459 ] 92 root - INFO - preprocessor is loaded
[ 2024-11-08 17:41:56,460 ] 98 root - INFO - preprocessor is saved as pickle file
[ 2024-11-08 17:41:56,609 ] 103 root - INFO - fit and transform performed
[ 2024-11-08 17:41:56,659 ] 126 root - INFO - Data transforamtion Stage 1 is completed
