[ 2024-11-09 18:18:09,979 ] 30 root - INFO - Data ingestion is started
[ 2024-11-09 18:18:09,980 ] 33 root - INFO - GitHub url is created
[ 2024-11-09 18:18:10,782 ] 37 root - INFO - Dataset is retrieve from the github
[ 2024-11-09 18:18:10,793 ] 42 root - INFO - Dataset is unzipped and saved
[ 2024-11-09 18:18:10,793 ] 24 root - INFO - Data cleaning is started
[ 2024-11-09 18:18:10,825 ] 26 root - INFO - Dataset is loaded in the dataframe
[ 2024-11-09 18:18:10,848 ] 30 root - INFO - Duplicate rows are dropped from the dataframe
[ 2024-11-09 18:18:10,860 ] 36 root - INFO - Unrealistic values are deleted from the dataframe
[ 2024-11-09 18:18:10,860 ] 42 root - INFO - Data cleaning ended
[ 2024-11-09 18:18:10,860 ] 71 root - INFO - Data transforamtion Stage 1 is started
[ 2024-11-09 18:18:10,860 ] 74 root - INFO - Train test split performed
[ 2024-11-09 18:18:10,860 ] 87 root - INFO - training and test dataset is created
[ 2024-11-09 18:18:10,860 ] 33 root - INFO - Preprocessing started
[ 2024-11-09 18:18:10,860 ] 37 root - INFO - columns are divided by their category and saved in varible
[ 2024-11-09 18:18:10,860 ] 46 root - INFO - catgorical pipeline created
[ 2024-11-09 18:18:10,860 ] 54 root - INFO - numerical pipeline created
[ 2024-11-09 18:18:10,860 ] 61 root - INFO - Columns are transformed by columntransformer
[ 2024-11-09 18:18:10,860 ] 92 root - INFO - preprocessor is loaded
[ 2024-11-09 18:18:10,860 ] 98 root - INFO - preprocessor is saved as pickle file
[ 2024-11-09 18:18:11,008 ] 103 root - INFO - fit and transform performed
[ 2024-11-09 18:18:11,029 ] 126 root - INFO - Data transforamtion Stage 1 is completed
[ 2024-11-09 18:18:11,029 ] 23 root - INFO - Data transformation for undersample is started
[ 2024-11-09 18:18:11,043 ] 33 root - INFO - undersample dataframe is created
[ 2024-11-09 18:18:11,044 ] 43 root - INFO - Outlier removal process for undersample is started
[ 2024-11-09 18:18:11,056 ] 65 root - INFO - Outlier removed from loan_int_rate column of undersample
[ 2024-11-09 18:18:11,056 ] 83 root - INFO - Outlier removed from loan_percent_income column of undersample
[ 2024-11-09 18:18:11,056 ] 85 root - INFO - Outlier removal process for undersample is completed
[ 2024-11-09 18:18:11,056 ] 27 root - INFO - Data transformation for oversample is started
[ 2024-11-09 18:18:11,391 ] 40 root - INFO - oversample dataframe is created
[ 2024-11-09 18:18:11,391 ] 50 root - INFO - Outlier removal process for oversample is started
[ 2024-11-09 18:18:11,463 ] 71 root - INFO - Outlier removed from loan_int_rate column of oversample
[ 2024-11-09 18:18:11,476 ] 88 root - INFO - Outlier removed from loan_percent_income column of oversample
[ 2024-11-09 18:18:11,476 ] 90 root - INFO - Outlier removal process for oversample is completed
[ 2024-11-09 18:18:11,476 ] 39 root - INFO - Model training for undersample is started
[ 2024-11-09 18:18:11,501 ] 61 root - INFO - All classifier model object created
[ 2024-11-09 18:18:13,589 ] 135 root - INFO - Models hyper tunned
[ 2024-11-09 18:18:21,094 ] 167 root - INFO - Cross validation score checked
[ 2024-11-09 18:18:28,688 ] 198 root - INFO - ROC_AUC score checked
[ 2024-11-09 18:18:28,822 ] 224 root - INFO - Undersample model predicted
[ 2024-11-09 18:18:28,822 ] 226 root - INFO - Model training for undersample is completed
[ 2024-11-09 18:18:28,823 ] 31 root - INFO - Model training for oversample is started
[ 2024-11-09 18:18:29,017 ] 55 root - INFO - Trained the model
[ 2024-11-09 18:18:29,017 ] 62 root - INFO - Oversample model saved
[ 2024-11-09 18:18:29,065 ] 86 root - INFO - Model training for oversample is completed"
