[ 2024-11-08 18:52:35,216 ] 30 root - INFO - Data ingestion is started
[ 2024-11-08 18:52:35,217 ] 33 root - INFO - GitHub url is created
[ 2024-11-08 18:52:35,803 ] 37 root - INFO - Dataset is retrieve from the github
[ 2024-11-08 18:52:35,825 ] 42 root - INFO - Dataset is unzipped and saved
[ 2024-11-08 18:52:35,825 ] 24 root - INFO - Data cleaning is started
[ 2024-11-08 18:52:35,871 ] 26 root - INFO - Dataset is loaded in the dataframe
[ 2024-11-08 18:52:35,884 ] 30 root - INFO - Duplicate rows are dropped from the dataframe
[ 2024-11-08 18:52:35,890 ] 36 root - INFO - Unrealistic values are deleted from the dataframe
[ 2024-11-08 18:52:35,904 ] 42 root - INFO - Data cleaning ended
[ 2024-11-08 18:52:35,904 ] 71 root - INFO - Data transforamtion Stage 1 is started
[ 2024-11-08 18:52:35,910 ] 74 root - INFO - Train test split performed
[ 2024-11-08 18:52:35,914 ] 87 root - INFO - training and test dataset is created
[ 2024-11-08 18:52:35,914 ] 33 root - INFO - Preprocessing started
[ 2024-11-08 18:52:35,914 ] 37 root - INFO - columns are divided by their category and saved in varible
[ 2024-11-08 18:52:35,914 ] 46 root - INFO - catgorical pipeline created
[ 2024-11-08 18:52:35,914 ] 54 root - INFO - numerical pipeline created
[ 2024-11-08 18:52:35,914 ] 61 root - INFO - Columns are transformed by columntransformer
[ 2024-11-08 18:52:35,914 ] 92 root - INFO - preprocessor is loaded
[ 2024-11-08 18:52:35,916 ] 98 root - INFO - preprocessor is saved as pickle file
[ 2024-11-08 18:52:36,128 ] 103 root - INFO - fit and transform performed
[ 2024-11-08 18:52:36,191 ] 126 root - INFO - Data transforamtion Stage 1 is completed
[ 2024-11-08 18:52:36,193 ] 23 root - INFO - Data transformation for undersample is started
[ 2024-11-08 18:52:36,232 ] 33 root - INFO - undersample dataframe is created
[ 2024-11-08 18:52:36,236 ] 43 root - INFO - Outlier removal process for undersample is started
[ 2024-11-08 18:52:36,265 ] 65 root - INFO - Outlier removed from loan_int_rate column of undersample
[ 2024-11-08 18:52:36,294 ] 83 root - INFO - Outlier removed from loan_percent_income column of undersample
[ 2024-11-08 18:52:36,294 ] 85 root - INFO - Outlier removal process for undersample is completed
