[ 2024-11-09 07:23:14,024 ] 30 root - INFO - Data ingestion is started
[ 2024-11-09 07:23:14,024 ] 33 root - INFO - GitHub url is created
[ 2024-11-09 07:23:15,516 ] 37 root - INFO - Dataset is retrieve from the github
[ 2024-11-09 07:23:15,537 ] 42 root - INFO - Dataset is unzipped and saved
[ 2024-11-09 07:23:15,537 ] 24 root - INFO - Data cleaning is started
[ 2024-11-09 07:23:15,580 ] 26 root - INFO - Dataset is loaded in the dataframe
[ 2024-11-09 07:23:15,601 ] 30 root - INFO - Duplicate rows are dropped from the dataframe
[ 2024-11-09 07:23:15,606 ] 36 root - INFO - Unrealistic values are deleted from the dataframe
[ 2024-11-09 07:23:15,606 ] 42 root - INFO - Data cleaning ended
[ 2024-11-09 07:23:15,606 ] 71 root - INFO - Data transforamtion Stage 1 is started
[ 2024-11-09 07:23:15,611 ] 74 root - INFO - Train test split performed
[ 2024-11-09 07:23:15,617 ] 87 root - INFO - training and test dataset is created
[ 2024-11-09 07:23:15,617 ] 33 root - INFO - Preprocessing started
[ 2024-11-09 07:23:15,617 ] 37 root - INFO - columns are divided by their category and saved in varible
[ 2024-11-09 07:23:15,617 ] 46 root - INFO - catgorical pipeline created
[ 2024-11-09 07:23:15,617 ] 54 root - INFO - numerical pipeline created
[ 2024-11-09 07:23:15,617 ] 61 root - INFO - Columns are transformed by columntransformer
[ 2024-11-09 07:23:15,617 ] 92 root - INFO - preprocessor is loaded
[ 2024-11-09 07:23:15,619 ] 98 root - INFO - preprocessor is saved as pickle file
[ 2024-11-09 07:23:15,858 ] 103 root - INFO - fit and transform performed
[ 2024-11-09 07:23:15,927 ] 126 root - INFO - Data transforamtion Stage 1 is completed
[ 2024-11-09 07:23:15,929 ] 23 root - INFO - Data transformation for undersample is started
[ 2024-11-09 07:23:15,967 ] 33 root - INFO - undersample dataframe is created
[ 2024-11-09 07:23:15,968 ] 43 root - INFO - Outlier removal process for undersample is started
[ 2024-11-09 07:23:15,989 ] 65 root - INFO - Outlier removed from loan_int_rate column of undersample
[ 2024-11-09 07:23:16,018 ] 83 root - INFO - Outlier removed from loan_percent_income column of undersample
[ 2024-11-09 07:23:16,018 ] 85 root - INFO - Outlier removal process for undersample is completed
[ 2024-11-09 07:23:16,018 ] 27 root - INFO - Data transformation for oversample is started
[ 2024-11-09 07:23:16,352 ] 40 root - INFO - oversample dataframe is created
[ 2024-11-09 07:23:16,353 ] 50 root - INFO - Outlier removal process for oversample is started
[ 2024-11-09 07:23:16,421 ] 71 root - INFO - Outlier removed from loan_int_rate column of oversample
[ 2024-11-09 07:23:16,456 ] 88 root - INFO - Outlier removed from loan_percent_income column of oversample
[ 2024-11-09 07:23:16,456 ] 90 root - INFO - Outlier removal process for oversample is completed
