[ 2024-11-08 17:34:59,938 ] 30 root - INFO - Data ingestion is started
[ 2024-11-08 17:34:59,938 ] 33 root - INFO - GitHub url is created
[ 2024-11-08 17:35:00,731 ] 37 root - INFO - Dataset is retrieve from the github
[ 2024-11-08 17:35:00,749 ] 42 root - INFO - Dataset is unzipped and saved
[ 2024-11-08 17:35:00,749 ] 24 root - INFO - Data cleaning is started
[ 2024-11-08 17:35:00,791 ] 26 root - INFO - Dataset is loaded in the dataframe
[ 2024-11-08 17:35:00,810 ] 30 root - INFO - Duplicate rows are dropped from the dataframe
[ 2024-11-08 17:35:00,816 ] 36 root - INFO - Unrealistic values are deleted from the dataframe
[ 2024-11-08 17:35:00,816 ] 42 root - INFO - Data cleaning ended
[ 2024-11-08 17:35:00,816 ] 71 root - INFO - Data transforamtion Stage 1 is started
[ 2024-11-08 17:35:00,821 ] 74 root - INFO - Train test split performed
[ 2024-11-08 17:35:00,825 ] 87 root - INFO - training and test dataset is created
[ 2024-11-08 17:35:00,825 ] 33 root - INFO - Preprocessing started
[ 2024-11-08 17:35:00,825 ] 37 root - INFO - columns are divided by their category and saved in varible
[ 2024-11-08 17:35:00,825 ] 46 root - INFO - catgorical pipeline created
[ 2024-11-08 17:35:00,825 ] 54 root - INFO - numerical pipeline created
[ 2024-11-08 17:35:00,825 ] 61 root - INFO - Columns are transformed by columntransformer
[ 2024-11-08 17:35:00,825 ] 92 root - INFO - preprocessor is loaded
[ 2024-11-08 17:35:00,827 ] 98 root - INFO - preprocessor is saved as pickle file
[ 2024-11-08 17:35:00,999 ] 103 root - INFO - fit and transform performed
[ 2024-11-08 17:35:01,054 ] 126 root - INFO - Data transforamtion Stage 1 is completed
