[ 2024-11-08 18:01:38,644 ] 30 root - INFO - Data ingestion is started
[ 2024-11-08 18:01:38,644 ] 33 root - INFO - GitHub url is created
[ 2024-11-08 18:01:39,429 ] 37 root - INFO - Dataset is retrieve from the github
[ 2024-11-08 18:01:39,445 ] 42 root - INFO - Dataset is unzipped and saved
[ 2024-11-08 18:01:39,445 ] 24 root - INFO - Data cleaning is started
[ 2024-11-08 18:01:39,488 ] 26 root - INFO - Dataset is loaded in the dataframe
[ 2024-11-08 18:01:39,509 ] 30 root - INFO - Duplicate rows are dropped from the dataframe
[ 2024-11-08 18:01:39,514 ] 36 root - INFO - Unrealistic values are deleted from the dataframe
[ 2024-11-08 18:01:39,514 ] 42 root - INFO - Data cleaning ended
[ 2024-11-08 18:01:39,514 ] 71 root - INFO - Data transforamtion Stage 1 is started
[ 2024-11-08 18:01:39,519 ] 74 root - INFO - Train test split performed
[ 2024-11-08 18:01:39,524 ] 87 root - INFO - training and test dataset is created
[ 2024-11-08 18:01:39,524 ] 33 root - INFO - Preprocessing started
[ 2024-11-08 18:01:39,524 ] 37 root - INFO - columns are divided by their category and saved in varible
[ 2024-11-08 18:01:39,524 ] 46 root - INFO - catgorical pipeline created
[ 2024-11-08 18:01:39,524 ] 54 root - INFO - numerical pipeline created
[ 2024-11-08 18:01:39,524 ] 61 root - INFO - Columns are transformed by columntransformer
[ 2024-11-08 18:01:39,524 ] 92 root - INFO - preprocessor is loaded
[ 2024-11-08 18:01:39,526 ] 98 root - INFO - preprocessor is saved as pickle file
[ 2024-11-08 18:01:39,681 ] 103 root - INFO - fit and transform performed
[ 2024-11-08 18:01:39,735 ] 126 root - INFO - Data transforamtion Stage 1 is completed
