[ 2024-11-09 07:40:36,161 ] 30 root - INFO - Data ingestion is started
[ 2024-11-09 07:40:36,161 ] 33 root - INFO - GitHub url is created
[ 2024-11-09 07:40:36,876 ] 37 root - INFO - Dataset is retrieve from the github
[ 2024-11-09 07:40:36,895 ] 42 root - INFO - Dataset is unzipped and saved
[ 2024-11-09 07:40:36,895 ] 24 root - INFO - Data cleaning is started
[ 2024-11-09 07:40:36,939 ] 26 root - INFO - Dataset is loaded in the dataframe
[ 2024-11-09 07:40:36,952 ] 30 root - INFO - Duplicate rows are dropped from the dataframe
[ 2024-11-09 07:40:36,960 ] 36 root - INFO - Unrealistic values are deleted from the dataframe
[ 2024-11-09 07:40:36,975 ] 42 root - INFO - Data cleaning ended
[ 2024-11-09 07:40:36,975 ] 71 root - INFO - Data transforamtion Stage 1 is started
[ 2024-11-09 07:40:36,981 ] 74 root - INFO - Train test split performed
[ 2024-11-09 07:40:36,985 ] 87 root - INFO - training and test dataset is created
[ 2024-11-09 07:40:36,985 ] 33 root - INFO - Preprocessing started
[ 2024-11-09 07:40:36,985 ] 37 root - INFO - columns are divided by their category and saved in varible
[ 2024-11-09 07:40:36,985 ] 46 root - INFO - catgorical pipeline created
[ 2024-11-09 07:40:36,985 ] 54 root - INFO - numerical pipeline created
[ 2024-11-09 07:40:36,985 ] 61 root - INFO - Columns are transformed by columntransformer
[ 2024-11-09 07:40:36,986 ] 92 root - INFO - preprocessor is loaded
[ 2024-11-09 07:40:36,987 ] 98 root - INFO - preprocessor is saved as pickle file
[ 2024-11-09 07:40:37,166 ] 103 root - INFO - fit and transform performed
[ 2024-11-09 07:40:37,235 ] 126 root - INFO - Data transforamtion Stage 1 is completed
[ 2024-11-09 07:40:37,237 ] 23 root - INFO - Data transformation for undersample is started
[ 2024-11-09 07:40:37,279 ] 33 root - INFO - undersample dataframe is created
[ 2024-11-09 07:40:37,280 ] 43 root - INFO - Outlier removal process for undersample is started
[ 2024-11-09 07:40:37,305 ] 65 root - INFO - Outlier removed from loan_int_rate column of undersample
[ 2024-11-09 07:40:37,339 ] 83 root - INFO - Outlier removed from loan_percent_income column of undersample
[ 2024-11-09 07:40:37,339 ] 85 root - INFO - Outlier removal process for undersample is completed
[ 2024-11-09 07:40:37,339 ] 27 root - INFO - Data transformation for oversample is started
[ 2024-11-09 07:40:37,657 ] 40 root - INFO - oversample dataframe is created
[ 2024-11-09 07:40:37,658 ] 50 root - INFO - Outlier removal process for oversample is started
[ 2024-11-09 07:40:37,726 ] 71 root - INFO - Outlier removed from loan_int_rate column of oversample
[ 2024-11-09 07:40:37,761 ] 88 root - INFO - Outlier removed from loan_percent_income column of oversample
[ 2024-11-09 07:40:37,761 ] 90 root - INFO - Outlier removal process for oversample is completed
