[ 2024-11-09 07:37:25,661 ] 30 root - INFO - Data ingestion is started
[ 2024-11-09 07:37:25,661 ] 33 root - INFO - GitHub url is created
[ 2024-11-09 07:37:26,712 ] 37 root - INFO - Dataset is retrieve from the github
[ 2024-11-09 07:37:26,748 ] 42 root - INFO - Dataset is unzipped and saved
[ 2024-11-09 07:37:26,748 ] 24 root - INFO - Data cleaning is started
[ 2024-11-09 07:37:26,801 ] 26 root - INFO - Dataset is loaded in the dataframe
[ 2024-11-09 07:37:26,821 ] 30 root - INFO - Duplicate rows are dropped from the dataframe
[ 2024-11-09 07:37:26,827 ] 36 root - INFO - Unrealistic values are deleted from the dataframe
[ 2024-11-09 07:37:26,828 ] 42 root - INFO - Data cleaning ended
[ 2024-11-09 07:37:26,828 ] 71 root - INFO - Data transforamtion Stage 1 is started
[ 2024-11-09 07:37:26,833 ] 74 root - INFO - Train test split performed
[ 2024-11-09 07:37:26,839 ] 87 root - INFO - training and test dataset is created
[ 2024-11-09 07:37:26,839 ] 33 root - INFO - Preprocessing started
[ 2024-11-09 07:37:26,839 ] 37 root - INFO - columns are divided by their category and saved in varible
[ 2024-11-09 07:37:26,839 ] 46 root - INFO - catgorical pipeline created
[ 2024-11-09 07:37:26,839 ] 54 root - INFO - numerical pipeline created
[ 2024-11-09 07:37:26,839 ] 61 root - INFO - Columns are transformed by columntransformer
[ 2024-11-09 07:37:26,839 ] 92 root - INFO - preprocessor is loaded
[ 2024-11-09 07:37:26,842 ] 98 root - INFO - preprocessor is saved as pickle file
[ 2024-11-09 07:37:27,235 ] 103 root - INFO - fit and transform performed
[ 2024-11-09 07:37:27,308 ] 126 root - INFO - Data transforamtion Stage 1 is completed
[ 2024-11-09 07:37:27,309 ] 23 root - INFO - Data transformation for undersample is started
[ 2024-11-09 07:37:27,347 ] 33 root - INFO - undersample dataframe is created
[ 2024-11-09 07:37:27,349 ] 43 root - INFO - Outlier removal process for undersample is started
[ 2024-11-09 07:37:27,369 ] 65 root - INFO - Outlier removed from loan_int_rate column of undersample
[ 2024-11-09 07:37:27,402 ] 83 root - INFO - Outlier removed from loan_percent_income column of undersample
[ 2024-11-09 07:37:27,402 ] 85 root - INFO - Outlier removal process for undersample is completed
[ 2024-11-09 07:37:27,403 ] 27 root - INFO - Data transformation for oversample is started
[ 2024-11-09 07:37:27,766 ] 40 root - INFO - oversample dataframe is created
[ 2024-11-09 07:37:27,768 ] 50 root - INFO - Outlier removal process for oversample is started
[ 2024-11-09 07:37:27,847 ] 71 root - INFO - Outlier removed from loan_int_rate column of oversample
[ 2024-11-09 07:37:27,883 ] 88 root - INFO - Outlier removed from loan_percent_income column of oversample
[ 2024-11-09 07:37:27,883 ] 90 root - INFO - Outlier removal process for oversample is completed
