[ 2024-11-08 18:23:57,840 ] 30 root - INFO - Data ingestion is started
[ 2024-11-08 18:23:57,841 ] 33 root - INFO - GitHub url is created
[ 2024-11-08 18:23:58,866 ] 37 root - INFO - Dataset is retrieve from the github
[ 2024-11-08 18:23:58,891 ] 42 root - INFO - Dataset is unzipped and saved
[ 2024-11-08 18:23:58,891 ] 24 root - INFO - Data cleaning is started
[ 2024-11-08 18:23:58,943 ] 26 root - INFO - Dataset is loaded in the dataframe
[ 2024-11-08 18:23:58,957 ] 30 root - INFO - Duplicate rows are dropped from the dataframe
[ 2024-11-08 18:23:58,962 ] 36 root - INFO - Unrealistic values are deleted from the dataframe
[ 2024-11-08 18:23:58,977 ] 42 root - INFO - Data cleaning ended
[ 2024-11-08 18:23:58,977 ] 71 root - INFO - Data transforamtion Stage 1 is started
[ 2024-11-08 18:23:58,980 ] 74 root - INFO - Train test split performed
[ 2024-11-08 18:23:58,985 ] 87 root - INFO - training and test dataset is created
[ 2024-11-08 18:23:58,985 ] 33 root - INFO - Preprocessing started
[ 2024-11-08 18:23:58,985 ] 37 root - INFO - columns are divided by their category and saved in varible
[ 2024-11-08 18:23:58,985 ] 46 root - INFO - catgorical pipeline created
[ 2024-11-08 18:23:58,985 ] 54 root - INFO - numerical pipeline created
[ 2024-11-08 18:23:58,985 ] 61 root - INFO - Columns are transformed by columntransformer
[ 2024-11-08 18:23:58,985 ] 92 root - INFO - preprocessor is loaded
[ 2024-11-08 18:23:58,987 ] 98 root - INFO - preprocessor is saved as pickle file
[ 2024-11-08 18:23:59,373 ] 103 root - INFO - fit and transform performed
[ 2024-11-08 18:23:59,443 ] 126 root - INFO - Data transforamtion Stage 1 is completed
[ 2024-11-08 18:23:59,446 ] 23 root - INFO - Data transformation for undersample is started
[ 2024-11-08 18:23:59,500 ] 33 root - INFO - undersample dataframe is created
[ 2024-11-08 18:23:59,502 ] 43 root - INFO - Outlier removal process for undersample is started
[ 2024-11-08 18:23:59,524 ] 65 root - INFO - Outlier removed from loan_int_rate column of undersample
[ 2024-11-08 18:23:59,556 ] 83 root - INFO - Outlier removed from loan_percent_income column of undersample
[ 2024-11-08 18:23:59,556 ] 85 root - INFO - Outlier removal process for undersample is completed
