[ 2024-11-08 18:25:05,311 ] 30 root - INFO - Data ingestion is started
[ 2024-11-08 18:25:05,312 ] 33 root - INFO - GitHub url is created
[ 2024-11-08 18:25:05,704 ] 37 root - INFO - Dataset is retrieve from the github
[ 2024-11-08 18:25:05,727 ] 42 root - INFO - Dataset is unzipped and saved
[ 2024-11-08 18:25:05,727 ] 24 root - INFO - Data cleaning is started
[ 2024-11-08 18:25:05,777 ] 26 root - INFO - Dataset is loaded in the dataframe
[ 2024-11-08 18:25:05,790 ] 30 root - INFO - Duplicate rows are dropped from the dataframe
[ 2024-11-08 18:25:05,795 ] 36 root - INFO - Unrealistic values are deleted from the dataframe
[ 2024-11-08 18:25:05,809 ] 42 root - INFO - Data cleaning ended
[ 2024-11-08 18:25:05,809 ] 71 root - INFO - Data transforamtion Stage 1 is started
[ 2024-11-08 18:25:05,812 ] 74 root - INFO - Train test split performed
[ 2024-11-08 18:25:05,816 ] 87 root - INFO - training and test dataset is created
[ 2024-11-08 18:25:05,816 ] 33 root - INFO - Preprocessing started
[ 2024-11-08 18:25:05,816 ] 37 root - INFO - columns are divided by their category and saved in varible
[ 2024-11-08 18:25:05,816 ] 46 root - INFO - catgorical pipeline created
[ 2024-11-08 18:25:05,817 ] 54 root - INFO - numerical pipeline created
[ 2024-11-08 18:25:05,817 ] 61 root - INFO - Columns are transformed by columntransformer
[ 2024-11-08 18:25:05,817 ] 92 root - INFO - preprocessor is loaded
[ 2024-11-08 18:25:05,818 ] 98 root - INFO - preprocessor is saved as pickle file
[ 2024-11-08 18:25:06,095 ] 103 root - INFO - fit and transform performed
[ 2024-11-08 18:25:06,179 ] 126 root - INFO - Data transforamtion Stage 1 is completed
[ 2024-11-08 18:25:06,181 ] 23 root - INFO - Data transformation for undersample is started
[ 2024-11-08 18:25:06,220 ] 33 root - INFO - undersample dataframe is created
[ 2024-11-08 18:25:06,221 ] 43 root - INFO - Outlier removal process for undersample is started
[ 2024-11-08 18:25:06,243 ] 65 root - INFO - Outlier removed from loan_int_rate column of undersample
[ 2024-11-08 18:25:06,275 ] 83 root - INFO - Outlier removed from loan_percent_income column of undersample
[ 2024-11-08 18:25:06,276 ] 85 root - INFO - Outlier removal process for undersample is completed
