[ 2024-11-08 18:09:40,261 ] 30 root - INFO - Data ingestion is started
[ 2024-11-08 18:09:40,261 ] 33 root - INFO - GitHub url is created
[ 2024-11-08 18:09:41,238 ] 37 root - INFO - Dataset is retrieve from the github
[ 2024-11-08 18:09:41,259 ] 42 root - INFO - Dataset is unzipped and saved
[ 2024-11-08 18:09:41,259 ] 24 root - INFO - Data cleaning is started
[ 2024-11-08 18:09:41,304 ] 26 root - INFO - Dataset is loaded in the dataframe
[ 2024-11-08 18:09:41,322 ] 30 root - INFO - Duplicate rows are dropped from the dataframe
[ 2024-11-08 18:09:41,327 ] 36 root - INFO - Unrealistic values are deleted from the dataframe
[ 2024-11-08 18:09:41,341 ] 42 root - INFO - Data cleaning ended
[ 2024-11-08 18:09:41,341 ] 71 root - INFO - Data transforamtion Stage 1 is started
[ 2024-11-08 18:09:41,345 ] 74 root - INFO - Train test split performed
[ 2024-11-08 18:09:41,348 ] 87 root - INFO - training and test dataset is created
[ 2024-11-08 18:09:41,348 ] 33 root - INFO - Preprocessing started
[ 2024-11-08 18:09:41,348 ] 37 root - INFO - columns are divided by their category and saved in varible
[ 2024-11-08 18:09:41,349 ] 46 root - INFO - catgorical pipeline created
[ 2024-11-08 18:09:41,349 ] 54 root - INFO - numerical pipeline created
[ 2024-11-08 18:09:41,349 ] 61 root - INFO - Columns are transformed by columntransformer
[ 2024-11-08 18:09:41,349 ] 92 root - INFO - preprocessor is loaded
[ 2024-11-08 18:09:41,350 ] 98 root - INFO - preprocessor is saved as pickle file
[ 2024-11-08 18:09:41,697 ] 103 root - INFO - fit and transform performed
[ 2024-11-08 18:09:41,761 ] 126 root - INFO - Data transforamtion Stage 1 is completed
