[ 2024-11-08 19:01:09,030 ] 30 root - INFO - Data ingestion is started
[ 2024-11-08 19:01:09,031 ] 33 root - INFO - GitHub url is created
[ 2024-11-08 19:01:10,158 ] 37 root - INFO - Dataset is retrieve from the github
[ 2024-11-08 19:01:10,177 ] 42 root - INFO - Dataset is unzipped and saved
[ 2024-11-08 19:01:10,178 ] 24 root - INFO - Data cleaning is started
[ 2024-11-08 19:01:10,217 ] 26 root - INFO - Dataset is loaded in the dataframe
[ 2024-11-08 19:01:10,230 ] 30 root - INFO - Duplicate rows are dropped from the dataframe
[ 2024-11-08 19:01:10,237 ] 36 root - INFO - Unrealistic values are deleted from the dataframe
[ 2024-11-08 19:01:10,250 ] 42 root - INFO - Data cleaning ended
[ 2024-11-08 19:01:10,250 ] 71 root - INFO - Data transforamtion Stage 1 is started
[ 2024-11-08 19:01:10,255 ] 74 root - INFO - Train test split performed
[ 2024-11-08 19:01:10,259 ] 87 root - INFO - training and test dataset is created
[ 2024-11-08 19:01:10,259 ] 33 root - INFO - Preprocessing started
[ 2024-11-08 19:01:10,259 ] 37 root - INFO - columns are divided by their category and saved in varible
[ 2024-11-08 19:01:10,259 ] 46 root - INFO - catgorical pipeline created
[ 2024-11-08 19:01:10,259 ] 54 root - INFO - numerical pipeline created
[ 2024-11-08 19:01:10,259 ] 61 root - INFO - Columns are transformed by columntransformer
[ 2024-11-08 19:01:10,259 ] 92 root - INFO - preprocessor is loaded
[ 2024-11-08 19:01:10,261 ] 98 root - INFO - preprocessor is saved as pickle file
[ 2024-11-08 19:01:10,565 ] 103 root - INFO - fit and transform performed
[ 2024-11-08 19:01:10,635 ] 126 root - INFO - Data transforamtion Stage 1 is completed
[ 2024-11-08 19:01:10,636 ] 23 root - INFO - Data transformation for undersample is started
[ 2024-11-08 19:01:10,676 ] 33 root - INFO - undersample dataframe is created
[ 2024-11-08 19:01:10,677 ] 43 root - INFO - Outlier removal process for undersample is started
[ 2024-11-08 19:01:10,698 ] 65 root - INFO - Outlier removed from loan_int_rate column of undersample
[ 2024-11-08 19:01:10,731 ] 83 root - INFO - Outlier removed from loan_percent_income column of undersample
[ 2024-11-08 19:01:10,736 ] 85 root - INFO - Outlier removal process for undersample is completed
[ 2024-11-08 19:01:11,097 ] 49 root - INFO - Outlier removal process for oversample is started
