[ 2024-11-08 19:02:55,828 ] 30 root - INFO - Data ingestion is started
[ 2024-11-08 19:02:55,828 ] 33 root - INFO - GitHub url is created
[ 2024-11-08 19:02:56,342 ] 37 root - INFO - Dataset is retrieve from the github
[ 2024-11-08 19:02:56,376 ] 42 root - INFO - Dataset is unzipped and saved
[ 2024-11-08 19:02:56,376 ] 24 root - INFO - Data cleaning is started
[ 2024-11-08 19:02:56,431 ] 26 root - INFO - Dataset is loaded in the dataframe
[ 2024-11-08 19:02:56,445 ] 30 root - INFO - Duplicate rows are dropped from the dataframe
[ 2024-11-08 19:02:56,451 ] 36 root - INFO - Unrealistic values are deleted from the dataframe
[ 2024-11-08 19:02:56,451 ] 42 root - INFO - Data cleaning ended
[ 2024-11-08 19:02:56,451 ] 71 root - INFO - Data transforamtion Stage 1 is started
[ 2024-11-08 19:02:56,457 ] 74 root - INFO - Train test split performed
[ 2024-11-08 19:02:56,461 ] 87 root - INFO - training and test dataset is created
[ 2024-11-08 19:02:56,461 ] 33 root - INFO - Preprocessing started
[ 2024-11-08 19:02:56,461 ] 37 root - INFO - columns are divided by their category and saved in varible
[ 2024-11-08 19:02:56,461 ] 46 root - INFO - catgorical pipeline created
[ 2024-11-08 19:02:56,461 ] 54 root - INFO - numerical pipeline created
[ 2024-11-08 19:02:56,461 ] 61 root - INFO - Columns are transformed by columntransformer
[ 2024-11-08 19:02:56,461 ] 92 root - INFO - preprocessor is loaded
[ 2024-11-08 19:02:56,463 ] 98 root - INFO - preprocessor is saved as pickle file
[ 2024-11-08 19:02:56,726 ] 103 root - INFO - fit and transform performed
[ 2024-11-08 19:02:56,790 ] 126 root - INFO - Data transforamtion Stage 1 is completed
[ 2024-11-08 19:02:56,791 ] 23 root - INFO - Data transformation for undersample is started
[ 2024-11-08 19:02:56,830 ] 33 root - INFO - undersample dataframe is created
[ 2024-11-08 19:02:56,831 ] 43 root - INFO - Outlier removal process for undersample is started
[ 2024-11-08 19:02:56,850 ] 65 root - INFO - Outlier removed from loan_int_rate column of undersample
[ 2024-11-08 19:02:56,879 ] 83 root - INFO - Outlier removed from loan_percent_income column of undersample
[ 2024-11-08 19:02:56,879 ] 85 root - INFO - Outlier removal process for undersample is completed
[ 2024-11-08 19:02:57,212 ] 49 root - INFO - Outlier removal process for oversample is started
