[ 2024-11-09 08:53:10,016 ] 30 root - INFO - Data ingestion is started
[ 2024-11-09 08:53:10,016 ] 33 root - INFO - GitHub url is created
[ 2024-11-09 08:53:10,734 ] 37 root - INFO - Dataset is retrieve from the github
[ 2024-11-09 08:53:10,751 ] 42 root - INFO - Dataset is unzipped and saved
[ 2024-11-09 08:53:10,752 ] 24 root - INFO - Data cleaning is started
[ 2024-11-09 08:53:10,791 ] 26 root - INFO - Dataset is loaded in the dataframe
[ 2024-11-09 08:53:10,805 ] 30 root - INFO - Duplicate rows are dropped from the dataframe
[ 2024-11-09 08:53:10,811 ] 36 root - INFO - Unrealistic values are deleted from the dataframe
[ 2024-11-09 08:53:10,811 ] 42 root - INFO - Data cleaning ended
[ 2024-11-09 08:53:10,811 ] 71 root - INFO - Data transforamtion Stage 1 is started
[ 2024-11-09 08:53:10,817 ] 74 root - INFO - Train test split performed
[ 2024-11-09 08:53:10,822 ] 87 root - INFO - training and test dataset is created
[ 2024-11-09 08:53:10,822 ] 33 root - INFO - Preprocessing started
[ 2024-11-09 08:53:10,822 ] 37 root - INFO - columns are divided by their category and saved in varible
[ 2024-11-09 08:53:10,822 ] 46 root - INFO - catgorical pipeline created
[ 2024-11-09 08:53:10,822 ] 54 root - INFO - numerical pipeline created
[ 2024-11-09 08:53:10,822 ] 61 root - INFO - Columns are transformed by columntransformer
[ 2024-11-09 08:53:10,822 ] 92 root - INFO - preprocessor is loaded
[ 2024-11-09 08:53:10,824 ] 98 root - INFO - preprocessor is saved as pickle file
[ 2024-11-09 08:53:11,009 ] 103 root - INFO - fit and transform performed
[ 2024-11-09 08:53:11,029 ] 126 root - INFO - Data transforamtion Stage 1 is completed
[ 2024-11-09 08:53:11,031 ] 23 root - INFO - Data transformation for undersample is started
[ 2024-11-09 08:53:11,042 ] 33 root - INFO - undersample dataframe is created
[ 2024-11-09 08:53:11,042 ] 43 root - INFO - Outlier removal process for undersample is started
[ 2024-11-09 08:53:11,061 ] 65 root - INFO - Outlier removed from loan_int_rate column of undersample
[ 2024-11-09 08:53:11,064 ] 83 root - INFO - Outlier removed from loan_percent_income column of undersample
[ 2024-11-09 08:53:11,064 ] 85 root - INFO - Outlier removal process for undersample is completed
[ 2024-11-09 08:53:11,065 ] 27 root - INFO - Data transformation for oversample is started
[ 2024-11-09 08:53:11,313 ] 40 root - INFO - oversample dataframe is created
[ 2024-11-09 08:53:11,315 ] 50 root - INFO - Outlier removal process for oversample is started
[ 2024-11-09 08:53:11,380 ] 71 root - INFO - Outlier removed from loan_int_rate column of oversample
[ 2024-11-09 08:53:11,391 ] 88 root - INFO - Outlier removed from loan_percent_income column of oversample
[ 2024-11-09 08:53:11,391 ] 90 root - INFO - Outlier removal process for oversample is completed
[ 2024-11-09 08:53:11,392 ] 39 root - INFO - Model training for undersample is started
[ 2024-11-09 08:53:11,417 ] 61 root - INFO - All classifier model object created
[ 2024-11-09 09:00:08,063 ] 135 root - INFO - Models hyper tunned
[ 2024-11-09 09:00:35,940 ] 167 root - INFO - Cross validation score checked
[ 2024-11-09 09:01:03,846 ] 198 root - INFO - ROC_AUC score checked
[ 2024-11-09 09:01:03,970 ] 224 root - INFO - Undersample model predicted
[ 2024-11-09 09:01:03,970 ] 226 root - INFO - Model training for undersample is completed
[ 2024-11-09 09:01:03,976 ] 31 root - INFO - Model training for oversample is started
[ 2024-11-09 09:01:04,171 ] 55 root - INFO - Trained the model
[ 2024-11-09 09:01:04,174 ] 62 root - INFO - Oversample model saved
[ 2024-11-09 09:01:04,211 ] 86 root - INFO - Model training for oversample is completed"
