[ 2024-11-08 16:48:18,915 ] 30 root - INFO - Data ingestion is started
[ 2024-11-08 16:48:18,915 ] 33 root - INFO - GitHub url is created
[ 2024-11-08 16:48:19,607 ] 37 root - INFO - Dataset is retrieve from the github
[ 2024-11-08 16:48:19,628 ] 42 root - INFO - Dataset is unzipped and saved
[ 2024-11-08 16:48:19,628 ] 24 root - INFO - Data cleaning is started
[ 2024-11-08 16:48:19,669 ] 26 root - INFO - Dataset is loaded in the dataframe
[ 2024-11-08 16:48:19,689 ] 30 root - INFO - Duplicate rows are dropped from the dataframe
[ 2024-11-08 16:48:19,693 ] 36 root - INFO - Unrealistic values are deleted from the dataframe
[ 2024-11-08 16:48:19,693 ] 42 root - INFO - Data cleaning ended
[ 2024-11-08 16:48:19,693 ] 71 root - INFO - Data transforamtion Stage 1 is started
[ 2024-11-08 16:48:19,698 ] 74 root - INFO - Train test split performed
[ 2024-11-08 16:48:19,703 ] 87 root - INFO - training and test dataset is created
[ 2024-11-08 16:48:19,703 ] 33 root - INFO - Preprocessing started
[ 2024-11-08 16:48:19,703 ] 37 root - INFO - columns are divided by their category and saved in varible
[ 2024-11-08 16:48:19,703 ] 46 root - INFO - catgorical pipeline created
[ 2024-11-08 16:48:19,703 ] 54 root - INFO - numerical pipeline created
[ 2024-11-08 16:48:19,703 ] 61 root - INFO - Columns are transformed by columntransformer
[ 2024-11-08 16:48:19,703 ] 92 root - INFO - preprocessor is loaded
[ 2024-11-08 16:48:19,704 ] 98 root - INFO - preprocessor is saved as pickle file
[ 2024-11-08 16:48:19,851 ] 103 root - INFO - fit and transform performed
[ 2024-11-08 16:48:19,909 ] 126 root - INFO - Data transforamtion Stage 1 is completed
